2022-02-11 07:12:55,143 INFO o.a.j.u.JMeterUtils: Setting Locale to en_EN
2022-02-11 07:12:55,194 INFO o.a.j.JMeter: Loading user properties from: /Users/gewa2/dev/JMeter/apache-jmeter-5.4.1/bin/user.properties
2022-02-11 07:12:55,200 INFO o.a.j.JMeter: Loading system properties from: /Users/gewa2/dev/JMeter/apache-jmeter-5.4.1/bin/system.properties
2022-02-11 07:12:55,201 INFO o.a.j.JMeter: Setting JMeter property: jmeter.laf=CrossPlatform
2022-02-11 07:12:55,209 INFO o.a.j.JMeter: Copyright (c) 1998-2021 The Apache Software Foundation
2022-02-11 07:12:55,209 INFO o.a.j.JMeter: Version 5.4.1
2022-02-11 07:12:55,209 INFO o.a.j.JMeter: java.version=11.0.6
2022-02-11 07:12:55,209 INFO o.a.j.JMeter: java.vm.name=Java HotSpot(TM) 64-Bit Server VM
2022-02-11 07:12:55,209 INFO o.a.j.JMeter: os.name=Mac OS X
2022-02-11 07:12:55,210 INFO o.a.j.JMeter: os.arch=x86_64
2022-02-11 07:12:55,210 INFO o.a.j.JMeter: os.version=10.16
2022-02-11 07:12:55,210 INFO o.a.j.JMeter: file.encoding=UTF-8
2022-02-11 07:12:55,210 INFO o.a.j.JMeter: java.awt.headless=null
2022-02-11 07:12:55,210 INFO o.a.j.JMeter: Max memory     =1073741824
2022-02-11 07:12:55,210 INFO o.a.j.JMeter: Available Processors =12
2022-02-11 07:12:55,222 INFO o.a.j.JMeter: Default Locale=English (EN)
2022-02-11 07:12:55,222 INFO o.a.j.JMeter: JMeter  Locale=English (EN)
2022-02-11 07:12:55,222 INFO o.a.j.JMeter: JMeterHome=/Users/gewa2/dev/JMeter/apache-jmeter-5.4.1
2022-02-11 07:12:55,222 INFO o.a.j.JMeter: user.dir  =/Users/gewa2/dev/dos-postcode-api
2022-02-11 07:12:55,222 INFO o.a.j.JMeter: PWD       =/Users/gewa2/dev/dos-postcode-api
2022-02-11 07:12:55,223 INFO o.a.j.JMeter: IP: 127.0.0.1 Name: MacBook-Pro.local FullName: localhost
2022-02-11 07:12:55,977 INFO o.a.j.JMeter: Setting LAF to: laf:com.apple.laf.AquaLookAndFeel
2022-02-11 07:12:57,243 INFO o.a.j.JMeter: Loaded icon properties from org/apache/jmeter/images/icon.properties
2022-02-11 07:13:13,730 INFO o.a.j.s.FileServer: Default base='/Users/gewa2/dev/dos-postcode-api'
2022-02-11 07:13:13,733 INFO o.a.j.g.a.Load: Loading file: /Users/gewa2/dev/dos-postcode-api/test/jmeter/tests/nominal/nominalLoad.jmx
2022-02-11 07:13:13,734 INFO o.a.j.s.FileServer: Set new base='/Users/gewa2/dev/dos-postcode-api/test/jmeter/tests/nominal'
2022-02-11 07:13:13,883 INFO o.a.j.s.SaveService: Testplan (JMX) version: 2.2. Testlog (JTL) version: 2.2
2022-02-11 07:13:13,907 INFO o.a.j.s.SaveService: Using SaveService properties version 5.0
2022-02-11 07:13:13,908 INFO o.a.j.s.SaveService: Using SaveService properties file encoding UTF-8
2022-02-11 07:13:13,910 INFO o.a.j.s.SaveService: Loading file: /Users/gewa2/dev/dos-postcode-api/test/jmeter/tests/nominal/nominalLoad.jmx
2022-02-11 07:13:13,944 INFO o.a.j.p.h.s.HTTPSamplerBase: Parser for text/html is org.apache.jmeter.protocol.http.parser.LagartoBasedHtmlParser
2022-02-11 07:13:13,944 INFO o.a.j.p.h.s.HTTPSamplerBase: Parser for application/xhtml+xml is org.apache.jmeter.protocol.http.parser.LagartoBasedHtmlParser
2022-02-11 07:13:13,944 INFO o.a.j.p.h.s.HTTPSamplerBase: Parser for application/xml is org.apache.jmeter.protocol.http.parser.LagartoBasedHtmlParser
2022-02-11 07:13:13,944 INFO o.a.j.p.h.s.HTTPSamplerBase: Parser for text/xml is org.apache.jmeter.protocol.http.parser.LagartoBasedHtmlParser
2022-02-11 07:13:13,944 INFO o.a.j.p.h.s.HTTPSamplerBase: Parser for text/vnd.wap.wml is org.apache.jmeter.protocol.http.parser.RegexpHTMLParser
2022-02-11 07:13:13,945 INFO o.a.j.p.h.s.HTTPSamplerBase: Parser for text/css is org.apache.jmeter.protocol.http.parser.CssParser
2022-02-11 07:13:14,082 INFO o.a.j.s.SampleResult: Note: Sample TimeStamps are START times
2022-02-11 07:13:14,082 INFO o.a.j.s.SampleResult: sampleresult.default.encoding is set to ISO-8859-1
2022-02-11 07:13:14,082 INFO o.a.j.s.SampleResult: sampleresult.useNanoTime=true
2022-02-11 07:13:14,083 INFO o.a.j.s.SampleResult: sampleresult.nanoThreadSleep=5000
2022-02-11 07:13:14,240 INFO o.a.j.v.ViewResultsFullVisualizer: Add JavaFX to your Java installation if you want to use renderer: org.apache.jmeter.visualizers.RenderInBrowser
2022-02-11 07:13:14,337 INFO o.a.j.v.ViewResultsFullVisualizer: Add JavaFX to your Java installation if you want to use renderer: org.apache.jmeter.visualizers.RenderInBrowser
2022-02-11 07:13:14,375 INFO o.a.j.v.ViewResultsFullVisualizer: Add JavaFX to your Java installation if you want to use renderer: org.apache.jmeter.visualizers.RenderInBrowser
2022-02-11 07:13:14,415 INFO o.a.j.s.FileServer: Set new base='/Users/gewa2/dev/dos-postcode-api/test/jmeter/tests/nominal'
2022-02-11 07:13:33,353 INFO o.a.j.e.StandardJMeterEngine: Running the test!
2022-02-11 07:13:33,354 INFO o.a.j.s.SampleEvent: List of sample_variables: []
2022-02-11 07:13:33,354 INFO o.a.j.s.SampleEvent: List of sample_variables: []
2022-02-11 07:13:33,355 INFO o.a.j.e.u.CompoundVariable: Note: Function class names must contain the string: '.functions.'
2022-02-11 07:13:33,356 INFO o.a.j.e.u.CompoundVariable: Note: Function class names must not contain the string: '.gui.'
2022-02-11 07:13:33,588 INFO o.a.j.g.u.JMeterMenuBar: setRunning(true, *local*)
2022-02-11 07:13:33,629 INFO o.a.j.e.StandardJMeterEngine: Starting ThreadGroup: 1 : JMeter users
2022-02-11 07:13:33,629 INFO o.a.j.e.StandardJMeterEngine: Starting 10 threads for group JMeter users.
2022-02-11 07:13:33,629 INFO o.a.j.e.StandardJMeterEngine: Thread will continue on error
2022-02-11 07:13:33,630 INFO o.a.j.t.ThreadGroup: Starting thread group... number=1 threads=10 ramp-up=1 delayedStart=false
2022-02-11 07:13:33,636 INFO o.a.j.t.JMeterThread: Thread started: JMeter users 1-1
2022-02-11 07:13:33,638 INFO o.a.j.s.FileServer: Stored: /Users/gewa2/dev/JMeter/postcodes.csv Alias: /Users/gewa2/dev/JMeter/postcodes.csv@823291665
2022-02-11 07:13:33,641 INFO o.a.j.t.ThreadGroup: Started thread group number 1
2022-02-11 07:13:33,641 INFO o.a.j.e.StandardJMeterEngine: All thread groups have been started
2022-02-11 07:13:33,639 ERROR o.a.j.t.JMeterThread: Test failed!
java.lang.IllegalArgumentException: File postcodes.csv must exist and be readable
	at org.apache.jmeter.services.FileServer.createBufferedReader(FileServer.java:424) ~[ApacheJMeter_core.jar:5.4.1]
	at org.apache.jmeter.services.FileServer.readLine(FileServer.java:340) ~[ApacheJMeter_core.jar:5.4.1]
	at org.apache.jmeter.config.CSVDataSet.iterationStart(CSVDataSet.java:182) ~[ApacheJMeter_components.jar:5.4.1]
	at org.apache.jmeter.control.GenericController.fireIterationStart(GenericController.java:399) ~[ApacheJMeter_core.jar:5.4.1]
	at org.apache.jmeter.control.GenericController.fireIterEvents(GenericController.java:391) ~[ApacheJMeter_core.jar:5.4.1]
	at org.apache.jmeter.control.GenericController.next(GenericController.java:160) ~[ApacheJMeter_core.jar:5.4.1]
	at org.apache.jmeter.control.LoopController.next(LoopController.java:134) ~[ApacheJMeter_core.jar:5.4.1]
	at org.apache.jmeter.threads.AbstractThreadGroup.next(AbstractThreadGroup.java:91) ~[ApacheJMeter_core.jar:5.4.1]
	at org.apache.jmeter.threads.JMeterThread.run(JMeterThread.java:254) [ApacheJMeter_core.jar:5.4.1]
	at java.lang.Thread.run(Thread.java:834) [?:?]
2022-02-11 07:13:33,650 INFO o.a.j.t.JMeterThread: Thread finished: JMeter users 1-1
2022-02-11 07:13:33,735 INFO o.a.j.t.JMeterThread: Thread started: JMeter users 1-2
2022-02-11 07:13:33,736 ERROR o.a.j.t.JMeterThread: Test failed!
java.lang.IllegalArgumentException: File postcodes.csv must exist and be readable
	at org.apache.jmeter.services.FileServer.createBufferedReader(FileServer.java:424) ~[ApacheJMeter_core.jar:5.4.1]
	at org.apache.jmeter.services.FileServer.readLine(FileServer.java:340) ~[ApacheJMeter_core.jar:5.4.1]
	at org.apache.jmeter.config.CSVDataSet.iterationStart(CSVDataSet.java:182) ~[ApacheJMeter_components.jar:5.4.1]
	at org.apache.jmeter.control.GenericController.fireIterationStart(GenericController.java:399) ~[ApacheJMeter_core.jar:5.4.1]
	at org.apache.jmeter.control.GenericController.fireIterEvents(GenericController.java:391) ~[ApacheJMeter_core.jar:5.4.1]
	at org.apache.jmeter.control.GenericController.next(GenericController.java:160) ~[ApacheJMeter_core.jar:5.4.1]
	at org.apache.jmeter.control.LoopController.next(LoopController.java:134) ~[ApacheJMeter_core.jar:5.4.1]
	at org.apache.jmeter.threads.AbstractThreadGroup.next(AbstractThreadGroup.java:91) ~[ApacheJMeter_core.jar:5.4.1]
	at org.apache.jmeter.threads.JMeterThread.run(JMeterThread.java:254) [ApacheJMeter_core.jar:5.4.1]
	at java.lang.Thread.run(Thread.java:834) [?:?]
2022-02-11 07:13:33,737 INFO o.a.j.t.JMeterThread: Thread finished: JMeter users 1-2
2022-02-11 07:13:33,836 INFO o.a.j.t.JMeterThread: Thread started: JMeter users 1-3
2022-02-11 07:13:33,837 ERROR o.a.j.t.JMeterThread: Test failed!
java.lang.IllegalArgumentException: File postcodes.csv must exist and be readable
	at org.apache.jmeter.services.FileServer.createBufferedReader(FileServer.java:424) ~[ApacheJMeter_core.jar:5.4.1]
	at org.apache.jmeter.services.FileServer.readLine(FileServer.java:340) ~[ApacheJMeter_core.jar:5.4.1]
	at org.apache.jmeter.config.CSVDataSet.iterationStart(CSVDataSet.java:182) ~[ApacheJMeter_components.jar:5.4.1]
	at org.apache.jmeter.control.GenericController.fireIterationStart(GenericController.java:399) ~[ApacheJMeter_core.jar:5.4.1]
	at org.apache.jmeter.control.GenericController.fireIterEvents(GenericController.java:391) ~[ApacheJMeter_core.jar:5.4.1]
	at org.apache.jmeter.control.GenericController.next(GenericController.java:160) ~[ApacheJMeter_core.jar:5.4.1]
	at org.apache.jmeter.control.LoopController.next(LoopController.java:134) ~[ApacheJMeter_core.jar:5.4.1]
	at org.apache.jmeter.threads.AbstractThreadGroup.next(AbstractThreadGroup.java:91) ~[ApacheJMeter_core.jar:5.4.1]
	at org.apache.jmeter.threads.JMeterThread.run(JMeterThread.java:254) [ApacheJMeter_core.jar:5.4.1]
	at java.lang.Thread.run(Thread.java:834) [?:?]
2022-02-11 07:13:33,837 INFO o.a.j.t.JMeterThread: Thread finished: JMeter users 1-3
2022-02-11 07:13:33,932 INFO o.a.j.t.JMeterThread: Thread started: JMeter users 1-4
2022-02-11 07:13:33,932 ERROR o.a.j.t.JMeterThread: Test failed!
java.lang.IllegalArgumentException: File postcodes.csv must exist and be readable
	at org.apache.jmeter.services.FileServer.createBufferedReader(FileServer.java:424) ~[ApacheJMeter_core.jar:5.4.1]
	at org.apache.jmeter.services.FileServer.readLine(FileServer.java:340) ~[ApacheJMeter_core.jar:5.4.1]
	at org.apache.jmeter.config.CSVDataSet.iterationStart(CSVDataSet.java:182) ~[ApacheJMeter_components.jar:5.4.1]
	at org.apache.jmeter.control.GenericController.fireIterationStart(GenericController.java:399) ~[ApacheJMeter_core.jar:5.4.1]
	at org.apache.jmeter.control.GenericController.fireIterEvents(GenericController.java:391) ~[ApacheJMeter_core.jar:5.4.1]
	at org.apache.jmeter.control.GenericController.next(GenericController.java:160) ~[ApacheJMeter_core.jar:5.4.1]
	at org.apache.jmeter.control.LoopController.next(LoopController.java:134) ~[ApacheJMeter_core.jar:5.4.1]
	at org.apache.jmeter.threads.AbstractThreadGroup.next(AbstractThreadGroup.java:91) ~[ApacheJMeter_core.jar:5.4.1]
	at org.apache.jmeter.threads.JMeterThread.run(JMeterThread.java:254) [ApacheJMeter_core.jar:5.4.1]
	at java.lang.Thread.run(Thread.java:834) [?:?]
2022-02-11 07:13:33,933 INFO o.a.j.t.JMeterThread: Thread finished: JMeter users 1-4
2022-02-11 07:13:34,036 INFO o.a.j.t.JMeterThread: Thread started: JMeter users 1-5
2022-02-11 07:13:34,037 ERROR o.a.j.t.JMeterThread: Test failed!
java.lang.IllegalArgumentException: File postcodes.csv must exist and be readable
	at org.apache.jmeter.services.FileServer.createBufferedReader(FileServer.java:424) ~[ApacheJMeter_core.jar:5.4.1]
	at org.apache.jmeter.services.FileServer.readLine(FileServer.java:340) ~[ApacheJMeter_core.jar:5.4.1]
	at org.apache.jmeter.config.CSVDataSet.iterationStart(CSVDataSet.java:182) ~[ApacheJMeter_components.jar:5.4.1]
	at org.apache.jmeter.control.GenericController.fireIterationStart(GenericController.java:399) ~[ApacheJMeter_core.jar:5.4.1]
	at org.apache.jmeter.control.GenericController.fireIterEvents(GenericController.java:391) ~[ApacheJMeter_core.jar:5.4.1]
	at org.apache.jmeter.control.GenericController.next(GenericController.java:160) ~[ApacheJMeter_core.jar:5.4.1]
	at org.apache.jmeter.control.LoopController.next(LoopController.java:134) ~[ApacheJMeter_core.jar:5.4.1]
	at org.apache.jmeter.threads.AbstractThreadGroup.next(AbstractThreadGroup.java:91) ~[ApacheJMeter_core.jar:5.4.1]
	at org.apache.jmeter.threads.JMeterThread.run(JMeterThread.java:254) [ApacheJMeter_core.jar:5.4.1]
	at java.lang.Thread.run(Thread.java:834) [?:?]
2022-02-11 07:13:34,038 INFO o.a.j.t.JMeterThread: Thread finished: JMeter users 1-5
2022-02-11 07:13:34,132 INFO o.a.j.t.JMeterThread: Thread started: JMeter users 1-6
2022-02-11 07:13:34,132 ERROR o.a.j.t.JMeterThread: Test failed!
java.lang.IllegalArgumentException: File postcodes.csv must exist and be readable
	at org.apache.jmeter.services.FileServer.createBufferedReader(FileServer.java:424) ~[ApacheJMeter_core.jar:5.4.1]
	at org.apache.jmeter.services.FileServer.readLine(FileServer.java:340) ~[ApacheJMeter_core.jar:5.4.1]
	at org.apache.jmeter.config.CSVDataSet.iterationStart(CSVDataSet.java:182) ~[ApacheJMeter_components.jar:5.4.1]
	at org.apache.jmeter.control.GenericController.fireIterationStart(GenericController.java:399) ~[ApacheJMeter_core.jar:5.4.1]
	at org.apache.jmeter.control.GenericController.fireIterEvents(GenericController.java:391) ~[ApacheJMeter_core.jar:5.4.1]
	at org.apache.jmeter.control.GenericController.next(GenericController.java:160) ~[ApacheJMeter_core.jar:5.4.1]
	at org.apache.jmeter.control.LoopController.next(LoopController.java:134) ~[ApacheJMeter_core.jar:5.4.1]
	at org.apache.jmeter.threads.AbstractThreadGroup.next(AbstractThreadGroup.java:91) ~[ApacheJMeter_core.jar:5.4.1]
	at org.apache.jmeter.threads.JMeterThread.run(JMeterThread.java:254) [ApacheJMeter_core.jar:5.4.1]
	at java.lang.Thread.run(Thread.java:834) [?:?]
2022-02-11 07:13:34,132 INFO o.a.j.t.JMeterThread: Thread finished: JMeter users 1-6
2022-02-11 07:13:34,236 INFO o.a.j.t.JMeterThread: Thread started: JMeter users 1-7
2022-02-11 07:13:34,238 ERROR o.a.j.t.JMeterThread: Test failed!
java.lang.IllegalArgumentException: File postcodes.csv must exist and be readable
	at org.apache.jmeter.services.FileServer.createBufferedReader(FileServer.java:424) ~[ApacheJMeter_core.jar:5.4.1]
	at org.apache.jmeter.services.FileServer.readLine(FileServer.java:340) ~[ApacheJMeter_core.jar:5.4.1]
	at org.apache.jmeter.config.CSVDataSet.iterationStart(CSVDataSet.java:182) ~[ApacheJMeter_components.jar:5.4.1]
	at org.apache.jmeter.control.GenericController.fireIterationStart(GenericController.java:399) ~[ApacheJMeter_core.jar:5.4.1]
	at org.apache.jmeter.control.GenericController.fireIterEvents(GenericController.java:391) ~[ApacheJMeter_core.jar:5.4.1]
	at org.apache.jmeter.control.GenericController.next(GenericController.java:160) ~[ApacheJMeter_core.jar:5.4.1]
	at org.apache.jmeter.control.LoopController.next(LoopController.java:134) ~[ApacheJMeter_core.jar:5.4.1]
	at org.apache.jmeter.threads.AbstractThreadGroup.next(AbstractThreadGroup.java:91) ~[ApacheJMeter_core.jar:5.4.1]
	at org.apache.jmeter.threads.JMeterThread.run(JMeterThread.java:254) [ApacheJMeter_core.jar:5.4.1]
	at java.lang.Thread.run(Thread.java:834) [?:?]
2022-02-11 07:13:34,238 INFO o.a.j.t.JMeterThread: Thread finished: JMeter users 1-7
2022-02-11 07:13:34,334 INFO o.a.j.t.JMeterThread: Thread started: JMeter users 1-8
2022-02-11 07:13:34,335 ERROR o.a.j.t.JMeterThread: Test failed!
java.lang.IllegalArgumentException: File postcodes.csv must exist and be readable
	at org.apache.jmeter.services.FileServer.createBufferedReader(FileServer.java:424) ~[ApacheJMeter_core.jar:5.4.1]
	at org.apache.jmeter.services.FileServer.readLine(FileServer.java:340) ~[ApacheJMeter_core.jar:5.4.1]
	at org.apache.jmeter.config.CSVDataSet.iterationStart(CSVDataSet.java:182) ~[ApacheJMeter_components.jar:5.4.1]
	at org.apache.jmeter.control.GenericController.fireIterationStart(GenericController.java:399) ~[ApacheJMeter_core.jar:5.4.1]
	at org.apache.jmeter.control.GenericController.fireIterEvents(GenericController.java:391) ~[ApacheJMeter_core.jar:5.4.1]
	at org.apache.jmeter.control.GenericController.next(GenericController.java:160) ~[ApacheJMeter_core.jar:5.4.1]
	at org.apache.jmeter.control.LoopController.next(LoopController.java:134) ~[ApacheJMeter_core.jar:5.4.1]
	at org.apache.jmeter.threads.AbstractThreadGroup.next(AbstractThreadGroup.java:91) ~[ApacheJMeter_core.jar:5.4.1]
	at org.apache.jmeter.threads.JMeterThread.run(JMeterThread.java:254) [ApacheJMeter_core.jar:5.4.1]
	at java.lang.Thread.run(Thread.java:834) [?:?]
2022-02-11 07:13:34,336 INFO o.a.j.t.JMeterThread: Thread finished: JMeter users 1-8
2022-02-11 07:13:34,435 INFO o.a.j.t.JMeterThread: Thread started: JMeter users 1-9
2022-02-11 07:13:34,436 ERROR o.a.j.t.JMeterThread: Test failed!
java.lang.IllegalArgumentException: File postcodes.csv must exist and be readable
	at org.apache.jmeter.services.FileServer.createBufferedReader(FileServer.java:424) ~[ApacheJMeter_core.jar:5.4.1]
	at org.apache.jmeter.services.FileServer.readLine(FileServer.java:340) ~[ApacheJMeter_core.jar:5.4.1]
	at org.apache.jmeter.config.CSVDataSet.iterationStart(CSVDataSet.java:182) ~[ApacheJMeter_components.jar:5.4.1]
	at org.apache.jmeter.control.GenericController.fireIterationStart(GenericController.java:399) ~[ApacheJMeter_core.jar:5.4.1]
	at org.apache.jmeter.control.GenericController.fireIterEvents(GenericController.java:391) ~[ApacheJMeter_core.jar:5.4.1]
	at org.apache.jmeter.control.GenericController.next(GenericController.java:160) ~[ApacheJMeter_core.jar:5.4.1]
	at org.apache.jmeter.control.LoopController.next(LoopController.java:134) ~[ApacheJMeter_core.jar:5.4.1]
	at org.apache.jmeter.threads.AbstractThreadGroup.next(AbstractThreadGroup.java:91) ~[ApacheJMeter_core.jar:5.4.1]
	at org.apache.jmeter.threads.JMeterThread.run(JMeterThread.java:254) [ApacheJMeter_core.jar:5.4.1]
	at java.lang.Thread.run(Thread.java:834) [?:?]
2022-02-11 07:13:34,436 INFO o.a.j.t.JMeterThread: Thread finished: JMeter users 1-9
2022-02-11 07:13:34,532 INFO o.a.j.t.JMeterThread: Thread started: JMeter users 1-10
2022-02-11 07:13:34,533 ERROR o.a.j.t.JMeterThread: Test failed!
java.lang.IllegalArgumentException: File postcodes.csv must exist and be readable
	at org.apache.jmeter.services.FileServer.createBufferedReader(FileServer.java:424) ~[ApacheJMeter_core.jar:5.4.1]
	at org.apache.jmeter.services.FileServer.readLine(FileServer.java:340) ~[ApacheJMeter_core.jar:5.4.1]
	at org.apache.jmeter.config.CSVDataSet.iterationStart(CSVDataSet.java:182) ~[ApacheJMeter_components.jar:5.4.1]
	at org.apache.jmeter.control.GenericController.fireIterationStart(GenericController.java:399) ~[ApacheJMeter_core.jar:5.4.1]
	at org.apache.jmeter.control.GenericController.fireIterEvents(GenericController.java:391) ~[ApacheJMeter_core.jar:5.4.1]
	at org.apache.jmeter.control.GenericController.next(GenericController.java:160) ~[ApacheJMeter_core.jar:5.4.1]
	at org.apache.jmeter.control.LoopController.next(LoopController.java:134) ~[ApacheJMeter_core.jar:5.4.1]
	at org.apache.jmeter.threads.AbstractThreadGroup.next(AbstractThreadGroup.java:91) ~[ApacheJMeter_core.jar:5.4.1]
	at org.apache.jmeter.threads.JMeterThread.run(JMeterThread.java:254) [ApacheJMeter_core.jar:5.4.1]
	at java.lang.Thread.run(Thread.java:834) [?:?]
2022-02-11 07:13:34,534 INFO o.a.j.t.JMeterThread: Thread finished: JMeter users 1-10
2022-02-11 07:13:34,534 INFO o.a.j.e.StandardJMeterEngine: Notifying test listeners of end of test
2022-02-11 07:13:34,534 INFO o.a.j.g.u.JMeterMenuBar: setRunning(false, *local*)
2022-02-11 07:13:57,819 INFO o.a.j.e.StandardJMeterEngine: Running the test!
2022-02-11 07:13:57,820 INFO o.a.j.s.SampleEvent: List of sample_variables: []
2022-02-11 07:13:57,821 INFO o.a.j.g.u.JMeterMenuBar: setRunning(true, *local*)
2022-02-11 07:13:57,850 INFO o.a.j.e.StandardJMeterEngine: Starting ThreadGroup: 1 : JMeter users
2022-02-11 07:13:57,851 INFO o.a.j.e.StandardJMeterEngine: Starting 10 threads for group JMeter users.
2022-02-11 07:13:57,851 INFO o.a.j.e.StandardJMeterEngine: Thread will continue on error
2022-02-11 07:13:57,851 INFO o.a.j.t.ThreadGroup: Starting thread group... number=1 threads=10 ramp-up=1 delayedStart=false
2022-02-11 07:13:57,852 INFO o.a.j.t.JMeterThread: Thread started: JMeter users 1-1
2022-02-11 07:13:57,853 INFO o.a.j.f.FileWrapper: Attaching postcodes.csv
2022-02-11 07:13:57,854 INFO o.a.j.f.FileWrapper: Opening postcodes.csv as postcodes.csv
2022-02-11 07:13:57,854 INFO o.a.j.s.FileServer: Stored: postcodes.csv
2022-02-11 07:13:57,854 INFO o.a.j.t.ThreadGroup: Started thread group number 1
2022-02-11 07:13:57,855 INFO o.a.j.e.StandardJMeterEngine: All thread groups have been started
2022-02-11 07:13:57,862 INFO o.a.j.f.FileWrapper: Saved postcodes.csv as postcodes.csv delimiter=<,>
2022-02-11 07:13:57,862 INFO o.a.j.f.FileWrapper: Stored postcodes.csv as postcodes.csv
2022-02-11 07:13:57,862 WARN o.a.j.f.CSVRead: JMeter users 1-1 - invalid column number: 45 at row 0 java.lang.IndexOutOfBoundsException: Index 45 out of bounds for length 10
2022-02-11 07:13:57,878 INFO o.a.j.p.h.s.HTTPHCAbstractImpl: Local host = MacBook-Pro.local
2022-02-11 07:13:57,889 INFO o.a.j.p.h.s.HTTPHC4Impl: HTTP request retry count = 0
2022-02-11 07:13:57,957 INFO o.a.j.t.JMeterThread: Thread started: JMeter users 1-2
2022-02-11 07:13:57,957 INFO o.a.j.f.FileWrapper: Attaching postcodes.csv
2022-02-11 07:13:57,957 INFO o.a.j.f.FileWrapper: Opening postcodes.csv as postcodes.csv
2022-02-11 07:13:57,957 INFO o.a.j.f.FileWrapper: Stored postcodes.csv as postcodes.csv
2022-02-11 07:13:57,958 WARN o.a.j.f.CSVRead: JMeter users 1-2 - invalid column number: 67 at row 0 java.lang.IndexOutOfBoundsException: Index 67 out of bounds for length 10
2022-02-11 07:13:58,003 INFO o.a.j.p.h.s.h.LazyLayeredConnectionSocketFactory: Setting up HTTPS TrustAll Socket Factory
2022-02-11 07:13:58,007 INFO o.a.j.u.JsseSSLManager: Using default SSL protocol: TLS
2022-02-11 07:13:58,007 INFO o.a.j.u.JsseSSLManager: SSL session context: per-thread
2022-02-11 07:13:58,053 INFO o.a.j.t.JMeterThread: Thread started: JMeter users 1-3
2022-02-11 07:13:58,053 INFO o.a.j.f.FileWrapper: Attaching postcodes.csv
2022-02-11 07:13:58,053 INFO o.a.j.f.FileWrapper: Opening postcodes.csv as postcodes.csv
2022-02-11 07:13:58,053 INFO o.a.j.f.FileWrapper: Stored postcodes.csv as postcodes.csv
2022-02-11 07:13:58,054 WARN o.a.j.f.CSVRead: JMeter users 1-3 - invalid column number: 46 at row 0 java.lang.IndexOutOfBoundsException: Index 46 out of bounds for length 10
2022-02-11 07:13:58,153 INFO o.a.j.t.JMeterThread: Thread started: JMeter users 1-4
2022-02-11 07:13:58,153 INFO o.a.j.f.FileWrapper: Attaching postcodes.csv
2022-02-11 07:13:58,154 INFO o.a.j.f.FileWrapper: Opening postcodes.csv as postcodes.csv
2022-02-11 07:13:58,154 INFO o.a.j.f.FileWrapper: Stored postcodes.csv as postcodes.csv
2022-02-11 07:13:58,154 WARN o.a.j.f.CSVRead: JMeter users 1-4 - invalid column number: 43 at row 0 java.lang.IndexOutOfBoundsException: Index 43 out of bounds for length 10
2022-02-11 07:13:58,185 INFO o.a.j.u.SSLManager: JmeterKeyStore Location:  type JKS
2022-02-11 07:13:58,189 INFO o.a.j.u.SSLManager: KeyStore created OK
2022-02-11 07:13:58,189 WARN o.a.j.u.SSLManager: Keystore file not found, loading empty keystore
2022-02-11 07:13:58,252 INFO o.a.j.t.JMeterThread: Thread started: JMeter users 1-5
2022-02-11 07:13:58,253 INFO o.a.j.f.FileWrapper: Attaching postcodes.csv
2022-02-11 07:13:58,253 INFO o.a.j.f.FileWrapper: Opening postcodes.csv as postcodes.csv
2022-02-11 07:13:58,253 INFO o.a.j.f.FileWrapper: Stored postcodes.csv as postcodes.csv
2022-02-11 07:13:58,253 WARN o.a.j.f.CSVRead: JMeter users 1-5 - invalid column number: 56 at row 0 java.lang.IndexOutOfBoundsException: Index 56 out of bounds for length 10
2022-02-11 07:13:58,353 INFO o.a.j.t.JMeterThread: Thread started: JMeter users 1-6
2022-02-11 07:13:58,354 INFO o.a.j.f.FileWrapper: Attaching postcodes.csv
2022-02-11 07:13:58,354 INFO o.a.j.f.FileWrapper: Opening postcodes.csv as postcodes.csv
2022-02-11 07:13:58,354 INFO o.a.j.f.FileWrapper: Stored postcodes.csv as postcodes.csv
2022-02-11 07:13:58,354 WARN o.a.j.f.CSVRead: JMeter users 1-6 - invalid column number: 43 at row 0 java.lang.IndexOutOfBoundsException: Index 43 out of bounds for length 10
2022-02-11 07:13:58,454 INFO o.a.j.t.JMeterThread: Thread started: JMeter users 1-7
2022-02-11 07:13:58,454 INFO o.a.j.f.FileWrapper: Attaching postcodes.csv
2022-02-11 07:13:58,454 INFO o.a.j.f.FileWrapper: Opening postcodes.csv as postcodes.csv
2022-02-11 07:13:58,454 INFO o.a.j.f.FileWrapper: Stored postcodes.csv as postcodes.csv
2022-02-11 07:13:58,454 WARN o.a.j.f.CSVRead: JMeter users 1-7 - invalid column number: 42 at row 0 java.lang.IndexOutOfBoundsException: Index 42 out of bounds for length 10
2022-02-11 07:13:58,552 INFO o.a.j.t.JMeterThread: Thread started: JMeter users 1-8
2022-02-11 07:13:58,553 INFO o.a.j.f.FileWrapper: Attaching postcodes.csv
2022-02-11 07:13:58,553 INFO o.a.j.f.FileWrapper: Opening postcodes.csv as postcodes.csv
2022-02-11 07:13:58,553 INFO o.a.j.f.FileWrapper: Stored postcodes.csv as postcodes.csv
2022-02-11 07:13:58,553 WARN o.a.j.f.CSVRead: JMeter users 1-8 - invalid column number: 17 at row 0 java.lang.IndexOutOfBoundsException: Index 17 out of bounds for length 10
2022-02-11 07:13:58,651 INFO o.a.j.t.JMeterThread: Thread started: JMeter users 1-9
2022-02-11 07:13:58,652 INFO o.a.j.f.FileWrapper: Attaching postcodes.csv
2022-02-11 07:13:58,652 INFO o.a.j.f.FileWrapper: Opening postcodes.csv as postcodes.csv
2022-02-11 07:13:58,652 INFO o.a.j.f.FileWrapper: Stored postcodes.csv as postcodes.csv
2022-02-11 07:13:58,652 WARN o.a.j.f.CSVRead: JMeter users 1-9 - invalid column number: 53 at row 0 java.lang.IndexOutOfBoundsException: Index 53 out of bounds for length 10
2022-02-11 07:13:58,755 INFO o.a.j.t.JMeterThread: Thread started: JMeter users 1-10
2022-02-11 07:13:58,755 INFO o.a.j.f.FileWrapper: Attaching postcodes.csv
2022-02-11 07:13:58,755 INFO o.a.j.f.FileWrapper: Opening postcodes.csv as postcodes.csv
2022-02-11 07:13:58,755 INFO o.a.j.f.FileWrapper: Stored postcodes.csv as postcodes.csv
2022-02-11 07:14:03,852 WARN o.a.j.f.CSVRead: JMeter users 1-1 - invalid column number: 17 at row 0 java.lang.IndexOutOfBoundsException: Index 17 out of bounds for length 10
2022-02-11 07:14:04,058 WARN o.a.j.f.CSVRead: JMeter users 1-3 - invalid column number: 84 at row 0 java.lang.IndexOutOfBoundsException: Index 84 out of bounds for length 10
2022-02-11 07:14:04,158 WARN o.a.j.f.CSVRead: JMeter users 1-4 - invalid column number: 31 at row 0 java.lang.IndexOutOfBoundsException: Index 31 out of bounds for length 10
2022-02-11 07:14:04,259 WARN o.a.j.f.CSVRead: JMeter users 1-5 - invalid column number: 47 at row 0 java.lang.IndexOutOfBoundsException: Index 47 out of bounds for length 10
2022-02-11 07:14:04,359 WARN o.a.j.f.CSVRead: JMeter users 1-6 - invalid column number: 56 at row 0 java.lang.IndexOutOfBoundsException: Index 56 out of bounds for length 10
2022-02-11 07:14:04,456 WARN o.a.j.f.CSVRead: JMeter users 1-7 - invalid column number: 72 at row 0 java.lang.IndexOutOfBoundsException: Index 72 out of bounds for length 10
2022-02-11 07:14:04,559 WARN o.a.j.f.CSVRead: JMeter users 1-8 - invalid column number: 30 at row 0 java.lang.IndexOutOfBoundsException: Index 30 out of bounds for length 10
2022-02-11 07:14:04,658 WARN o.a.j.f.CSVRead: JMeter users 1-9 - invalid column number: 12 at row 0 java.lang.IndexOutOfBoundsException: Index 12 out of bounds for length 10
2022-02-11 07:14:04,756 WARN o.a.j.f.CSVRead: JMeter users 1-10 - invalid column number: 90 at row 0 java.lang.IndexOutOfBoundsException: Index 90 out of bounds for length 10
2022-02-11 07:14:09,855 WARN o.a.j.f.CSVRead: JMeter users 1-1 - invalid column number: 89 at row 0 java.lang.IndexOutOfBoundsException: Index 89 out of bounds for length 10
2022-02-11 07:14:10,054 WARN o.a.j.f.CSVRead: JMeter users 1-3 - invalid column number: 51 at row 0 java.lang.IndexOutOfBoundsException: Index 51 out of bounds for length 10
2022-02-11 07:14:10,154 WARN o.a.j.f.CSVRead: JMeter users 1-4 - invalid column number: 91 at row 0 java.lang.IndexOutOfBoundsException: Index 91 out of bounds for length 10
2022-02-11 07:14:10,254 WARN o.a.j.f.CSVRead: JMeter users 1-5 - invalid column number: 67 at row 0 java.lang.IndexOutOfBoundsException: Index 67 out of bounds for length 10
2022-02-11 07:14:10,355 WARN o.a.j.f.CSVRead: JMeter users 1-6 - invalid column number: 13 at row 0 java.lang.IndexOutOfBoundsException: Index 13 out of bounds for length 10
2022-02-11 07:14:10,455 WARN o.a.j.f.CSVRead: JMeter users 1-7 - invalid column number: 47 at row 0 java.lang.IndexOutOfBoundsException: Index 47 out of bounds for length 10
2022-02-11 07:14:10,554 WARN o.a.j.f.CSVRead: JMeter users 1-8 - invalid column number: 90 at row 0 java.lang.IndexOutOfBoundsException: Index 90 out of bounds for length 10
2022-02-11 07:14:10,654 WARN o.a.j.f.CSVRead: JMeter users 1-9 - invalid column number: 98 at row 0 java.lang.IndexOutOfBoundsException: Index 98 out of bounds for length 10
2022-02-11 07:14:10,761 WARN o.a.j.f.CSVRead: JMeter users 1-10 - invalid column number: 75 at row 0 java.lang.IndexOutOfBoundsException: Index 75 out of bounds for length 10
2022-02-11 07:14:15,855 WARN o.a.j.f.CSVRead: JMeter users 1-1 - invalid column number: 91 at row 0 java.lang.IndexOutOfBoundsException: Index 91 out of bounds for length 10
2022-02-11 07:14:15,960 WARN o.a.j.f.CSVRead: JMeter users 1-2 - invalid column number: 55 at row 0 java.lang.IndexOutOfBoundsException: Index 55 out of bounds for length 10
2022-02-11 07:14:16,057 WARN o.a.j.f.CSVRead: JMeter users 1-3 - invalid column number: 54 at row 0 java.lang.IndexOutOfBoundsException: Index 54 out of bounds for length 10
2022-02-11 07:14:16,154 WARN o.a.j.f.CSVRead: JMeter users 1-4 - invalid column number: 20 at row 0 java.lang.IndexOutOfBoundsException: Index 20 out of bounds for length 10
2022-02-11 07:14:16,256 WARN o.a.j.f.CSVRead: JMeter users 1-5 - invalid column number: 77 at row 0 java.lang.IndexOutOfBoundsException: Index 77 out of bounds for length 10
2022-02-11 07:14:16,359 WARN o.a.j.f.CSVRead: JMeter users 1-6 - invalid column number: 45 at row 0 java.lang.IndexOutOfBoundsException: Index 45 out of bounds for length 10
2022-02-11 07:14:16,459 WARN o.a.j.f.CSVRead: JMeter users 1-7 - invalid column number: 89 at row 0 java.lang.IndexOutOfBoundsException: Index 89 out of bounds for length 10
2022-02-11 07:14:16,558 WARN o.a.j.f.CSVRead: JMeter users 1-8 - invalid column number: 79 at row 0 java.lang.IndexOutOfBoundsException: Index 79 out of bounds for length 10
2022-02-11 07:14:16,656 WARN o.a.j.f.CSVRead: JMeter users 1-9 - invalid column number: 66 at row 0 java.lang.IndexOutOfBoundsException: Index 66 out of bounds for length 10
2022-02-11 07:14:16,760 WARN o.a.j.f.CSVRead: JMeter users 1-10 - invalid column number: 95 at row 0 java.lang.IndexOutOfBoundsException: Index 95 out of bounds for length 10
2022-02-11 07:14:21,853 WARN o.a.j.f.CSVRead: JMeter users 1-1 - invalid column number: 15 at row 0 java.lang.IndexOutOfBoundsException: Index 15 out of bounds for length 10
2022-02-11 07:14:21,896 INFO o.a.j.t.JMeterThread: Thread finished: JMeter users 1-1
2022-02-11 07:14:21,962 WARN o.a.j.f.CSVRead: JMeter users 1-2 - invalid column number: 74 at row 0 java.lang.IndexOutOfBoundsException: Index 74 out of bounds for length 10
2022-02-11 07:14:22,058 WARN o.a.j.f.CSVRead: JMeter users 1-3 - invalid column number: 32 at row 0 java.lang.IndexOutOfBoundsException: Index 32 out of bounds for length 10
2022-02-11 07:14:22,154 WARN o.a.j.f.CSVRead: JMeter users 1-4 - invalid column number: 31 at row 0 java.lang.IndexOutOfBoundsException: Index 31 out of bounds for length 10
2022-02-11 07:14:22,256 WARN o.a.j.f.CSVRead: JMeter users 1-5 - invalid column number: 46 at row 0 java.lang.IndexOutOfBoundsException: Index 46 out of bounds for length 10
2022-02-11 07:14:22,356 WARN o.a.j.f.CSVRead: JMeter users 1-6 - invalid column number: 12 at row 0 java.lang.IndexOutOfBoundsException: Index 12 out of bounds for length 10
2022-02-11 07:14:22,456 WARN o.a.j.f.CSVRead: JMeter users 1-7 - invalid column number: 24 at row 0 java.lang.IndexOutOfBoundsException: Index 24 out of bounds for length 10
2022-02-11 07:14:22,514 INFO o.a.j.t.JMeterThread: Thread finished: JMeter users 1-7
2022-02-11 07:14:22,559 WARN o.a.j.f.CSVRead: JMeter users 1-8 - invalid column number: 28 at row 0 java.lang.IndexOutOfBoundsException: Index 28 out of bounds for length 10
2022-02-11 07:14:22,654 WARN o.a.j.f.CSVRead: JMeter users 1-9 - invalid column number: 40 at row 0 java.lang.IndexOutOfBoundsException: Index 40 out of bounds for length 10
2022-02-11 07:14:22,761 WARN o.a.j.f.CSVRead: JMeter users 1-10 - invalid column number: 31 at row 0 java.lang.IndexOutOfBoundsException: Index 31 out of bounds for length 10
2022-02-11 07:14:27,354 WARN o.a.j.f.CSVRead: JMeter users 1-8 - invalid column number: 11 at row 0 java.lang.IndexOutOfBoundsException: Index 11 out of bounds for length 10
2022-02-11 07:14:27,359 WARN o.a.j.f.CSVRead: JMeter users 1-2 - invalid column number: 49 at row 0 java.lang.IndexOutOfBoundsException: Index 49 out of bounds for length 10
2022-02-11 07:14:27,403 INFO o.a.j.t.JMeterThread: Thread finished: JMeter users 1-8
2022-02-11 07:14:27,438 INFO o.a.j.t.JMeterThread: Thread finished: JMeter users 1-2
2022-02-11 07:14:27,454 WARN o.a.j.f.CSVRead: JMeter users 1-9 - invalid column number: 61 at row 0 java.lang.IndexOutOfBoundsException: Index 61 out of bounds for length 10
2022-02-11 07:14:27,457 WARN o.a.j.f.CSVRead: JMeter users 1-3 - invalid column number: 89 at row 0 java.lang.IndexOutOfBoundsException: Index 89 out of bounds for length 10
2022-02-11 07:14:27,506 INFO o.a.j.t.JMeterThread: Thread finished: JMeter users 1-9
2022-02-11 07:14:27,506 INFO o.a.j.t.JMeterThread: Thread finished: JMeter users 1-3
2022-02-11 07:14:27,557 WARN o.a.j.f.CSVRead: JMeter users 1-10 - invalid column number: 38 at row 0 java.lang.IndexOutOfBoundsException: Index 38 out of bounds for length 10
2022-02-11 07:14:27,557 WARN o.a.j.f.CSVRead: JMeter users 1-4 - invalid column number: 52 at row 0 java.lang.IndexOutOfBoundsException: Index 52 out of bounds for length 10
2022-02-11 07:14:27,621 INFO o.a.j.t.JMeterThread: Thread finished: JMeter users 1-4
2022-02-11 07:14:27,621 INFO o.a.j.t.JMeterThread: Thread finished: JMeter users 1-10
2022-02-11 07:14:27,656 WARN o.a.j.f.CSVRead: JMeter users 1-5 - invalid column number: 86 at row 0 java.lang.IndexOutOfBoundsException: Index 86 out of bounds for length 10
2022-02-11 07:14:27,702 INFO o.a.j.t.JMeterThread: Thread finished: JMeter users 1-5
2022-02-11 07:14:27,758 WARN o.a.j.f.CSVRead: JMeter users 1-6 - invalid column number: 90 at row 0 java.lang.IndexOutOfBoundsException: Index 90 out of bounds for length 10
2022-02-11 07:14:27,811 INFO o.a.j.t.JMeterThread: Thread finished: JMeter users 1-6
2022-02-11 07:14:27,812 INFO o.a.j.e.StandardJMeterEngine: Notifying test listeners of end of test
2022-02-11 07:14:27,813 INFO o.a.j.g.u.JMeterMenuBar: setRunning(false, *local*)
2022-02-11 07:16:06,585 INFO o.a.j.e.StandardJMeterEngine: Running the test!
2022-02-11 07:16:06,590 INFO o.a.j.s.SampleEvent: List of sample_variables: []
2022-02-11 07:16:06,592 INFO o.a.j.g.u.JMeterMenuBar: setRunning(true, *local*)
2022-02-11 07:16:06,746 INFO o.a.j.e.StandardJMeterEngine: Starting ThreadGroup: 1 : JMeter users
2022-02-11 07:16:06,746 INFO o.a.j.e.StandardJMeterEngine: Starting 10 threads for group JMeter users.
2022-02-11 07:16:06,746 INFO o.a.j.e.StandardJMeterEngine: Thread will continue on error
2022-02-11 07:16:06,747 INFO o.a.j.t.ThreadGroup: Starting thread group... number=1 threads=10 ramp-up=1 delayedStart=false
2022-02-11 07:16:06,748 INFO o.a.j.t.JMeterThread: Thread started: JMeter users 1-1
2022-02-11 07:16:06,749 INFO o.a.j.f.FileWrapper: Attaching postcodes.csv
2022-02-11 07:16:06,749 INFO o.a.j.f.FileWrapper: Opening postcodes.csv as postcodes.csv
2022-02-11 07:16:06,749 INFO o.a.j.s.FileServer: Stored: postcodes.csv
2022-02-11 07:16:06,750 INFO o.a.j.f.FileWrapper: Saved postcodes.csv as postcodes.csv delimiter=<,>
2022-02-11 07:16:06,750 INFO o.a.j.f.FileWrapper: Stored postcodes.csv as postcodes.csv
2022-02-11 07:16:06,752 INFO o.a.j.t.ThreadGroup: Started thread group number 1
2022-02-11 07:16:06,752 INFO o.a.j.e.StandardJMeterEngine: All thread groups have been started
2022-02-11 07:16:06,848 INFO o.a.j.t.JMeterThread: Thread started: JMeter users 1-2
2022-02-11 07:16:06,849 INFO o.a.j.f.FileWrapper: Attaching postcodes.csv
2022-02-11 07:16:06,849 INFO o.a.j.f.FileWrapper: Opening postcodes.csv as postcodes.csv
2022-02-11 07:16:06,849 INFO o.a.j.f.FileWrapper: Stored postcodes.csv as postcodes.csv
2022-02-11 07:16:06,953 INFO o.a.j.t.JMeterThread: Thread started: JMeter users 1-3
2022-02-11 07:16:06,953 INFO o.a.j.f.FileWrapper: Attaching postcodes.csv
2022-02-11 07:16:06,953 INFO o.a.j.f.FileWrapper: Opening postcodes.csv as postcodes.csv
2022-02-11 07:16:06,953 INFO o.a.j.f.FileWrapper: Stored postcodes.csv as postcodes.csv
2022-02-11 07:16:07,047 INFO o.a.j.t.JMeterThread: Thread started: JMeter users 1-4
2022-02-11 07:16:07,048 INFO o.a.j.f.FileWrapper: Attaching postcodes.csv
2022-02-11 07:16:07,048 INFO o.a.j.f.FileWrapper: Opening postcodes.csv as postcodes.csv
2022-02-11 07:16:07,049 INFO o.a.j.f.FileWrapper: Stored postcodes.csv as postcodes.csv
2022-02-11 07:16:07,149 INFO o.a.j.t.JMeterThread: Thread started: JMeter users 1-5
2022-02-11 07:16:07,150 INFO o.a.j.f.FileWrapper: Attaching postcodes.csv
2022-02-11 07:16:07,150 INFO o.a.j.f.FileWrapper: Opening postcodes.csv as postcodes.csv
2022-02-11 07:16:07,150 INFO o.a.j.f.FileWrapper: Stored postcodes.csv as postcodes.csv
2022-02-11 07:16:07,250 INFO o.a.j.t.JMeterThread: Thread started: JMeter users 1-6
2022-02-11 07:16:07,251 INFO o.a.j.f.FileWrapper: Attaching postcodes.csv
2022-02-11 07:16:07,251 INFO o.a.j.f.FileWrapper: Opening postcodes.csv as postcodes.csv
2022-02-11 07:16:07,251 INFO o.a.j.f.FileWrapper: Stored postcodes.csv as postcodes.csv
2022-02-11 07:16:07,348 INFO o.a.j.t.JMeterThread: Thread started: JMeter users 1-7
2022-02-11 07:16:07,349 INFO o.a.j.f.FileWrapper: Attaching postcodes.csv
2022-02-11 07:16:07,349 INFO o.a.j.f.FileWrapper: Opening postcodes.csv as postcodes.csv
2022-02-11 07:16:07,349 INFO o.a.j.f.FileWrapper: Stored postcodes.csv as postcodes.csv
2022-02-11 07:16:07,452 INFO o.a.j.t.JMeterThread: Thread started: JMeter users 1-8
2022-02-11 07:16:07,453 INFO o.a.j.f.FileWrapper: Attaching postcodes.csv
2022-02-11 07:16:07,453 INFO o.a.j.f.FileWrapper: Opening postcodes.csv as postcodes.csv
2022-02-11 07:16:07,453 INFO o.a.j.f.FileWrapper: Stored postcodes.csv as postcodes.csv
2022-02-11 07:16:07,550 INFO o.a.j.t.JMeterThread: Thread started: JMeter users 1-9
2022-02-11 07:16:07,550 INFO o.a.j.f.FileWrapper: Attaching postcodes.csv
2022-02-11 07:16:07,550 INFO o.a.j.f.FileWrapper: Opening postcodes.csv as postcodes.csv
2022-02-11 07:16:07,550 INFO o.a.j.f.FileWrapper: Stored postcodes.csv as postcodes.csv
2022-02-11 07:16:07,651 INFO o.a.j.t.JMeterThread: Thread started: JMeter users 1-10
2022-02-11 07:16:07,652 INFO o.a.j.f.FileWrapper: Attaching postcodes.csv
2022-02-11 07:16:07,652 INFO o.a.j.f.FileWrapper: Opening postcodes.csv as postcodes.csv
2022-02-11 07:16:07,652 INFO o.a.j.f.FileWrapper: Stored postcodes.csv as postcodes.csv
2022-02-11 07:16:30,901 INFO o.a.j.t.JMeterThread: Thread finished: JMeter users 1-8
2022-02-11 07:16:31,593 INFO o.a.j.t.JMeterThread: Thread finished: JMeter users 1-9
2022-02-11 07:16:32,586 INFO o.a.j.t.JMeterThread: Thread finished: JMeter users 1-1
2022-02-11 07:16:33,284 INFO o.a.j.t.JMeterThread: Thread finished: JMeter users 1-2
2022-02-11 07:16:33,403 INFO o.a.j.t.JMeterThread: Thread finished: JMeter users 1-3
2022-02-11 07:16:34,097 INFO o.a.j.t.JMeterThread: Thread finished: JMeter users 1-4
2022-02-11 07:16:34,819 INFO o.a.j.t.JMeterThread: Thread finished: JMeter users 1-5
2022-02-11 07:16:35,502 INFO o.a.j.t.JMeterThread: Thread finished: JMeter users 1-6
2022-02-11 07:16:36,194 INFO o.a.j.t.JMeterThread: Thread finished: JMeter users 1-7
2022-02-11 07:16:36,494 INFO o.a.j.t.JMeterThread: Thread finished: JMeter users 1-10
2022-02-11 07:16:36,495 INFO o.a.j.e.StandardJMeterEngine: Notifying test listeners of end of test
2022-02-11 07:16:36,495 INFO o.a.j.g.u.JMeterMenuBar: setRunning(false, *local*)
2022-02-11 07:17:35,876 INFO o.a.j.v.ViewResultsFullVisualizer: Add JavaFX to your Java installation if you want to use renderer: org.apache.jmeter.visualizers.RenderInBrowser
2022-02-11 07:18:22,033 INFO o.a.j.e.StandardJMeterEngine: Running the test!
2022-02-11 07:18:22,034 INFO o.a.j.s.SampleEvent: List of sample_variables: []
2022-02-11 07:18:22,035 INFO o.a.j.g.u.JMeterMenuBar: setRunning(true, *local*)
2022-02-11 07:18:22,086 INFO o.a.j.e.StandardJMeterEngine: Starting ThreadGroup: 1 : JMeter users
2022-02-11 07:18:22,086 INFO o.a.j.e.StandardJMeterEngine: Starting 10 threads for group JMeter users.
2022-02-11 07:18:22,086 INFO o.a.j.e.StandardJMeterEngine: Thread will continue on error
2022-02-11 07:18:22,086 INFO o.a.j.t.ThreadGroup: Starting thread group... number=1 threads=10 ramp-up=1 delayedStart=false
2022-02-11 07:18:22,087 INFO o.a.j.t.JMeterThread: Thread started: JMeter users 1-1
2022-02-11 07:18:22,087 INFO o.a.j.f.FileWrapper: Attaching postcodes.csv
2022-02-11 07:18:22,087 INFO o.a.j.f.FileWrapper: Opening postcodes.csv as postcodes.csv
2022-02-11 07:18:22,087 INFO o.a.j.s.FileServer: Stored: postcodes.csv
2022-02-11 07:18:22,089 INFO o.a.j.f.FileWrapper: Saved postcodes.csv as postcodes.csv delimiter=<,>
2022-02-11 07:18:22,089 INFO o.a.j.f.FileWrapper: Stored postcodes.csv as postcodes.csv
2022-02-11 07:18:22,090 INFO o.a.j.t.ThreadGroup: Started thread group number 1
2022-02-11 07:18:22,090 INFO o.a.j.e.StandardJMeterEngine: All thread groups have been started
2022-02-11 07:18:22,190 INFO o.a.j.t.JMeterThread: Thread started: JMeter users 1-2
2022-02-11 07:18:22,191 INFO o.a.j.f.FileWrapper: Attaching postcodes.csv
2022-02-11 07:18:22,191 INFO o.a.j.f.FileWrapper: Opening postcodes.csv as postcodes.csv
2022-02-11 07:18:22,191 INFO o.a.j.f.FileWrapper: Stored postcodes.csv as postcodes.csv
2022-02-11 07:18:22,290 INFO o.a.j.t.JMeterThread: Thread started: JMeter users 1-3
2022-02-11 07:18:22,291 INFO o.a.j.f.FileWrapper: Attaching postcodes.csv
2022-02-11 07:18:22,291 INFO o.a.j.f.FileWrapper: Opening postcodes.csv as postcodes.csv
2022-02-11 07:18:22,291 INFO o.a.j.f.FileWrapper: Stored postcodes.csv as postcodes.csv
2022-02-11 07:18:22,391 INFO o.a.j.t.JMeterThread: Thread started: JMeter users 1-4
2022-02-11 07:18:22,392 INFO o.a.j.f.FileWrapper: Attaching postcodes.csv
2022-02-11 07:18:22,393 INFO o.a.j.f.FileWrapper: Opening postcodes.csv as postcodes.csv
2022-02-11 07:18:22,393 INFO o.a.j.f.FileWrapper: Stored postcodes.csv as postcodes.csv
2022-02-11 07:18:22,489 INFO o.a.j.t.JMeterThread: Thread started: JMeter users 1-5
2022-02-11 07:18:22,490 INFO o.a.j.f.FileWrapper: Attaching postcodes.csv
2022-02-11 07:18:22,490 INFO o.a.j.f.FileWrapper: Opening postcodes.csv as postcodes.csv
2022-02-11 07:18:22,490 INFO o.a.j.f.FileWrapper: Stored postcodes.csv as postcodes.csv
2022-02-11 07:18:22,590 INFO o.a.j.t.JMeterThread: Thread started: JMeter users 1-6
2022-02-11 07:18:22,591 INFO o.a.j.f.FileWrapper: Attaching postcodes.csv
2022-02-11 07:18:22,591 INFO o.a.j.f.FileWrapper: Opening postcodes.csv as postcodes.csv
2022-02-11 07:18:22,591 INFO o.a.j.f.FileWrapper: Stored postcodes.csv as postcodes.csv
2022-02-11 07:18:22,691 INFO o.a.j.t.JMeterThread: Thread started: JMeter users 1-7
2022-02-11 07:18:22,692 INFO o.a.j.f.FileWrapper: Attaching postcodes.csv
2022-02-11 07:18:22,693 INFO o.a.j.f.FileWrapper: Opening postcodes.csv as postcodes.csv
2022-02-11 07:18:22,693 INFO o.a.j.f.FileWrapper: Stored postcodes.csv as postcodes.csv
2022-02-11 07:18:22,789 INFO o.a.j.t.JMeterThread: Thread started: JMeter users 1-8
2022-02-11 07:18:22,790 INFO o.a.j.f.FileWrapper: Attaching postcodes.csv
2022-02-11 07:18:22,790 INFO o.a.j.f.FileWrapper: Opening postcodes.csv as postcodes.csv
2022-02-11 07:18:22,790 INFO o.a.j.f.FileWrapper: Stored postcodes.csv as postcodes.csv
2022-02-11 07:18:22,890 INFO o.a.j.t.JMeterThread: Thread started: JMeter users 1-9
2022-02-11 07:18:22,890 INFO o.a.j.f.FileWrapper: Attaching postcodes.csv
2022-02-11 07:18:22,890 INFO o.a.j.f.FileWrapper: Opening postcodes.csv as postcodes.csv
2022-02-11 07:18:22,890 INFO o.a.j.f.FileWrapper: Stored postcodes.csv as postcodes.csv
2022-02-11 07:18:22,990 INFO o.a.j.t.JMeterThread: Thread started: JMeter users 1-10
2022-02-11 07:18:22,990 INFO o.a.j.f.FileWrapper: Attaching postcodes.csv
2022-02-11 07:18:22,990 INFO o.a.j.f.FileWrapper: Opening postcodes.csv as postcodes.csv
2022-02-11 07:18:22,990 INFO o.a.j.f.FileWrapper: Stored postcodes.csv as postcodes.csv
2022-02-11 07:18:46,233 INFO o.a.j.t.JMeterThread: Thread finished: JMeter users 1-8
2022-02-11 07:18:46,930 INFO o.a.j.t.JMeterThread: Thread finished: JMeter users 1-9
2022-02-11 07:18:47,961 INFO o.a.j.t.JMeterThread: Thread finished: JMeter users 1-1
2022-02-11 07:18:48,054 INFO o.a.j.t.JMeterThread: Thread finished: JMeter users 1-2
2022-02-11 07:18:48,766 INFO o.a.j.t.JMeterThread: Thread finished: JMeter users 1-3
2022-02-11 07:18:49,455 INFO o.a.j.t.JMeterThread: Thread finished: JMeter users 1-4
2022-02-11 07:18:50,167 INFO o.a.j.t.JMeterThread: Thread finished: JMeter users 1-5
2022-02-11 07:18:50,869 INFO o.a.j.t.JMeterThread: Thread finished: JMeter users 1-6
2022-02-11 07:18:51,564 INFO o.a.j.t.JMeterThread: Thread finished: JMeter users 1-7
2022-02-11 07:18:51,857 INFO o.a.j.t.JMeterThread: Thread finished: JMeter users 1-10
2022-02-11 07:18:51,857 INFO o.a.j.e.StandardJMeterEngine: Notifying test listeners of end of test
2022-02-11 07:18:51,858 INFO o.a.j.g.u.JMeterMenuBar: setRunning(false, *local*)
2022-02-11 07:27:17,947 ERROR o.a.j.JMeter: Uncaught exception in thread Thread[AWT-EventQueue-0,6,main]
java.lang.Error: java.lang.NumberFormatException: For input string: "THROUGHPUT_IN_MINUTES_TO_REPLACE"
	at org.apache.jmeter.testbeans.gui.WrapperEditor.shouldNeverHappen(WrapperEditor.java:242) ~[ApacheJMeter_core.jar:5.4.1]
	at org.apache.jmeter.testbeans.gui.WrapperEditor.getValue(WrapperEditor.java:301) ~[ApacheJMeter_core.jar:5.4.1]
	at org.apache.jmeter.testbeans.gui.GenericTestBeanCustomizer.saveGuiFields(GenericTestBeanCustomizer.java:739) ~[ApacheJMeter_core.jar:5.4.1]
	at org.apache.jmeter.testbeans.gui.TestBeanGUI.modifyTestElement(TestBeanGUI.java:228) ~[ApacheJMeter_core.jar:5.4.1]
	at org.apache.jmeter.gui.GuiPackage.updateCurrentNode(GuiPackage.java:493) ~[ApacheJMeter_core.jar:5.4.1]
	at org.apache.jmeter.gui.GuiPackage.updateCurrentGui(GuiPackage.java:451) ~[ApacheJMeter_core.jar:5.4.1]
	at org.apache.jmeter.gui.action.ActionRouter.performAction(ActionRouter.java:79) ~[ApacheJMeter_core.jar:5.4.1]
	at org.apache.jmeter.gui.action.ActionRouter.lambda$actionPerformed$0(ActionRouter.java:69) ~[ApacheJMeter_core.jar:5.4.1]
	at java.awt.event.InvocationEvent.dispatch(InvocationEvent.java:313) ~[?:?]
	at java.awt.EventQueue.dispatchEventImpl(EventQueue.java:770) ~[?:?]
	at java.awt.EventQueue$4.run(EventQueue.java:721) ~[?:?]
	at java.awt.EventQueue$4.run(EventQueue.java:715) ~[?:?]
	at java.security.AccessController.doPrivileged(Native Method) ~[?:?]
	at java.security.ProtectionDomain$JavaSecurityAccessImpl.doIntersectionPrivilege(ProtectionDomain.java:85) ~[?:?]
	at java.awt.EventQueue.dispatchEvent(EventQueue.java:740) ~[?:?]
	at java.awt.EventDispatchThread.pumpOneEventForFilters(EventDispatchThread.java:203) [?:?]
	at java.awt.EventDispatchThread.pumpEventsForFilter(EventDispatchThread.java:124) [?:?]
	at java.awt.EventDispatchThread.pumpEventsForFilter(EventDispatchThread.java:117) [?:?]
	at java.awt.WaitDispatchSupport$2.run(WaitDispatchSupport.java:190) [?:?]
	at java.awt.WaitDispatchSupport$4.run(WaitDispatchSupport.java:235) [?:?]
	at java.awt.WaitDispatchSupport$4.run(WaitDispatchSupport.java:233) [?:?]
	at java.security.AccessController.doPrivileged(Native Method) ~[?:?]
	at java.awt.WaitDispatchSupport.enter(WaitDispatchSupport.java:233) [?:?]
	at java.awt.Dialog.show(Dialog.java:1070) [?:?]
	at javax.swing.JOptionPane.showOptionDialog(JOptionPane.java:874) [?:?]
	at javax.swing.JOptionPane.showMessageDialog(JOptionPane.java:670) [?:?]
	at javax.swing.JOptionPane.showMessageDialog(JOptionPane.java:641) [?:?]
	at org.apache.jmeter.testbeans.gui.WrapperEditor.propertyChange(WrapperEditor.java:444) [ApacheJMeter_core.jar:5.4.1]
	at java.beans.PropertyEditorSupport.firePropertyChange(PropertyEditorSupport.java:295) [?:?]
	at org.apache.jmeter.testbeans.gui.FieldStringEditor.firePropertyChange(FieldStringEditor.java:111) [ApacheJMeter_core.jar:5.4.1]
	at org.apache.jmeter.testbeans.gui.FieldStringEditor.focusLost(FieldStringEditor.java:138) [ApacheJMeter_core.jar:5.4.1]
	at java.awt.AWTEventMulticaster.focusLost(AWTEventMulticaster.java:238) [?:?]
	at java.awt.Component.processFocusEvent(Component.java:6524) [?:?]
	at java.awt.Component.processEvent(Component.java:6388) [?:?]
	at java.awt.Container.processEvent(Container.java:2263) [?:?]
	at java.awt.Component.dispatchEventImpl(Component.java:5008) [?:?]
	at java.awt.Container.dispatchEventImpl(Container.java:2321) [?:?]
	at java.awt.Component.dispatchEvent(Component.java:4840) [?:?]
	at java.awt.KeyboardFocusManager.redispatchEvent(KeyboardFocusManager.java:1950) [?:?]
	at java.awt.DefaultKeyboardFocusManager.typeAheadAssertions(DefaultKeyboardFocusManager.java:1059) [?:?]
	at java.awt.DefaultKeyboardFocusManager.dispatchEvent(DefaultKeyboardFocusManager.java:725) [?:?]
	at java.awt.Component.dispatchEventImpl(Component.java:4889) [?:?]
	at java.awt.Container.dispatchEventImpl(Container.java:2321) [?:?]
	at java.awt.Component.dispatchEvent(Component.java:4840) [?:?]
	at java.awt.EventQueue.dispatchEventImpl(EventQueue.java:772) [?:?]
	at java.awt.EventQueue$4.run(EventQueue.java:721) [?:?]
	at java.awt.EventQueue$4.run(EventQueue.java:715) [?:?]
	at java.security.AccessController.doPrivileged(Native Method) ~[?:?]
	at java.security.ProtectionDomain$JavaSecurityAccessImpl.doIntersectionPrivilege(ProtectionDomain.java:85) [?:?]
	at java.security.ProtectionDomain$JavaSecurityAccessImpl.doIntersectionPrivilege(ProtectionDomain.java:95) [?:?]
	at java.awt.EventQueue$5.run(EventQueue.java:745) [?:?]
	at java.awt.EventQueue$5.run(EventQueue.java:743) [?:?]
	at java.security.AccessController.doPrivileged(Native Method) ~[?:?]
	at java.security.ProtectionDomain$JavaSecurityAccessImpl.doIntersectionPrivilege(ProtectionDomain.java:85) [?:?]
	at java.awt.EventQueue.dispatchEvent(EventQueue.java:742) [?:?]
	at java.awt.EventDispatchThread.pumpOneEventForFilters(EventDispatchThread.java:203) [?:?]
	at java.awt.EventDispatchThread.pumpEventsForFilter(EventDispatchThread.java:124) [?:?]
	at java.awt.EventDispatchThread.pumpEventsForHierarchy(EventDispatchThread.java:113) [?:?]
	at java.awt.EventDispatchThread.pumpEvents(EventDispatchThread.java:109) [?:?]
	at java.awt.EventDispatchThread.pumpEvents(EventDispatchThread.java:101) [?:?]
	at java.awt.EventDispatchThread.run(EventDispatchThread.java:90) [?:?]
